#
# There is insufficient memory for the Java Runtime Environment to continue.
# Native memory allocation (malloc) failed to allocate 494928 bytes for Chunk::new
# Possible reasons:
#   The system is out of physical RAM or swap space
#   The process is running with CompressedOops enabled, and the Java Heap may be blocking the growth of the native heap
# Possible solutions:
#   Reduce memory load on the system
#   Increase physical memory or swap space
#   Check if swap backing store is full
#   Decrease Java heap size (-Xmx/-Xms)
#   Decrease number of Java threads
#   Decrease Java thread stack sizes (-Xss)
#   Set larger code cache with -XX:ReservedCodeCacheSize=
#   JVM is running with Unscaled Compressed Oops mode in which the Java heap is
#     placed in the first 4GB address space. The Java Heap base address is the
#     maximum limit for the native heap growth. Please use -XX:HeapBaseMinAddress
#     to set the Java Heap base and to place the Java Heap above 4GB virtual address.
# This output file may be truncated or incomplete.
#
#  Out of Memory Error (arena.cpp:191), pid=12016, tid=11828
#
# JRE version: OpenJDK Runtime Environment Corretto-17.0.9.8.1 (17.0.9+8) (build 17.0.9+8-LTS)
# Java VM: OpenJDK 64-Bit Server VM Corretto-17.0.9.8.1 (17.0.9+8-LTS, mixed mode, sharing, tiered, compressed oops, compressed class ptrs, g1 gc, windows-amd64)
# No core dump will be written. Minidumps are not enabled by default on client versions of Windows
#

---------------  S U M M A R Y ------------

Command Line: -agentlib:jdwp=transport=dt_socket,address=127.0.0.1:60051,suspend=y,server=n -javaagent:C:\Users\adm\AppData\Local\JetBrains\IdeaIC2023.2\captureAgent\debugger-agent.jar -Dfile.encoding=UTF-8 com.finance.financecontrol.FinanceControlApplication

Host: 11th Gen Intel(R) Core(TM) i5-1135G7 @ 2.40GHz, 8 cores, 7G,  Windows 11 , 64 bit Build 22621 (10.0.22621.2506)
Time: Fri Jan  5 16:49:34 2024 Hora oficial do Brasil elapsed time: 74153.334412 seconds (0d 20h 35m 53s)

---------------  T H R E A D  ---------------

Current thread (0x0000018ec98ac890):  JavaThread "C2 CompilerThread0" daemon [_thread_in_native, id=11828, stack(0x0000001f92c00000,0x0000001f92d00000)]


Current CompileTask:
C2:74153336 6171       4       org.springframework.boot.devtools.filewatch.FileSystemWatcher$Watcher::isDifferent (105 bytes)

Stack: [0x0000001f92c00000,0x0000001f92d00000]
Native frames: (J=compiled Java code, j=interpreted, Vv=VM code, C=native code)
V  [jvm.dll+0x67cb49]
V  [jvm.dll+0x8344da]
V  [jvm.dll+0x835f9e]
V  [jvm.dll+0x836603]
V  [jvm.dll+0x247b5f]
V  [jvm.dll+0xac43c]
V  [jvm.dll+0xaca8c]
V  [jvm.dll+0x366c87]
V  [jvm.dll+0x330fda]
V  [jvm.dll+0x33047a]
V  [jvm.dll+0x21a201]
V  [jvm.dll+0x219621]
V  [jvm.dll+0x1a56cd]
V  [jvm.dll+0x2293ee]
V  [jvm.dll+0x2275bc]
V  [jvm.dll+0x7e95a7]
V  [jvm.dll+0x7e396a]
V  [jvm.dll+0x67ba35]
C  [ucrtbase.dll+0x29363]
C  [KERNEL32.DLL+0x1257d]
C  [ntdll.dll+0x5aa58]


---------------  P R O C E S S  ---------------

Threads class SMR info:
_java_thread_list=0x0000018f0fef3f10, length=34, elements={
0x0000018ec9891850, 0x0000018ec9892210, 0x0000018ec98a2760, 0x0000018ec98a7130,
0x0000018ec98a9b00, 0x0000018ec98ab400, 0x0000018ec98ac890, 0x0000018ec98aed10,
0x0000018ec98c1110, 0x0000018ec9b236e0, 0x0000018ec9c835f0, 0x0000018ec9c8c680,
0x0000018ec9c0aab0, 0x0000018ec9bac520, 0x0000018f12697cf0, 0x0000018f12694f60,
0x0000018f12695e90, 0x0000018f12694a50, 0x0000018f12695470, 0x0000018f126977e0,
0x0000018f126972d0, 0x0000018f121ed3d0, 0x0000018f121efc50, 0x0000018f121f1fc0,
0x0000018f121eba80, 0x0000018f121f24d0, 0x0000018f121ee300, 0x0000018f121f29e0,
0x0000018f121ec9b0, 0x0000018f121ee810, 0x0000018f121ef230, 0x0000018f121eddf0,
0x0000018f121f0160, 0x0000018f121f0670
}

Java Threads: ( => current thread )
  0x0000018ec9891850 JavaThread "Reference Handler" daemon [_thread_blocked, id=11772, stack(0x0000001f92600000,0x0000001f92700000)]
  0x0000018ec9892210 JavaThread "Finalizer" daemon [_thread_blocked, id=14032, stack(0x0000001f92700000,0x0000001f92800000)]
  0x0000018ec98a2760 JavaThread "Signal Dispatcher" daemon [_thread_blocked, id=9792, stack(0x0000001f92800000,0x0000001f92900000)]
  0x0000018ec98a7130 JavaThread "Attach Listener" daemon [_thread_blocked, id=38540, stack(0x0000001f92900000,0x0000001f92a00000)]
  0x0000018ec98a9b00 JavaThread "Service Thread" daemon [_thread_blocked, id=31212, stack(0x0000001f92a00000,0x0000001f92b00000)]
  0x0000018ec98ab400 JavaThread "Monitor Deflation Thread" daemon [_thread_blocked, id=25572, stack(0x0000001f92b00000,0x0000001f92c00000)]
=>0x0000018ec98ac890 JavaThread "C2 CompilerThread0" daemon [_thread_in_native, id=11828, stack(0x0000001f92c00000,0x0000001f92d00000)]
  0x0000018ec98aed10 JavaThread "C1 CompilerThread0" daemon [_thread_blocked, id=19488, stack(0x0000001f92d00000,0x0000001f92e00000)]
  0x0000018ec98c1110 JavaThread "Sweeper thread" daemon [_thread_blocked, id=36208, stack(0x0000001f92e00000,0x0000001f92f00000)]
  0x0000018ec9b236e0 JavaThread "Common-Cleaner" daemon [_thread_blocked, id=37512, stack(0x0000001f92f00000,0x0000001f93000000)]
  0x0000018ec9c835f0 JavaThread "JDWP Transport Listener: dt_socket" daemon [_thread_blocked, id=16616, stack(0x0000001f93000000,0x0000001f93100000)]
  0x0000018ec9c8c680 JavaThread "JDWP Event Helper Thread" daemon [_thread_blocked, id=6984, stack(0x0000001f93100000,0x0000001f93200000)]
  0x0000018ec9c0aab0 JavaThread "JDWP Command Reader" daemon [_thread_in_native, id=33756, stack(0x0000001f93200000,0x0000001f93300000)]
  0x0000018ec9bac520 JavaThread "Notification Thread" daemon [_thread_blocked, id=36236, stack(0x0000001f93300000,0x0000001f93400000)]
  0x0000018f12697cf0 JavaThread "Catalina-utility-1" [_thread_blocked, id=30140, stack(0x0000001f94100000,0x0000001f94200000)]
  0x0000018f12694f60 JavaThread "Catalina-utility-2" [_thread_blocked, id=31360, stack(0x0000001f94200000,0x0000001f94300000)]
  0x0000018f12695e90 JavaThread "container-0" [_thread_blocked, id=14616, stack(0x0000001f94300000,0x0000001f94400000)]
  0x0000018f12694a50 JavaThread "HikariPool-1 housekeeper" daemon [_thread_blocked, id=20080, stack(0x0000001f94600000,0x0000001f94700000)]
  0x0000018f12695470 JavaThread "File Watcher" daemon [_thread_blocked, id=23168, stack(0x0000001f94000000,0x0000001f94100000)]
  0x0000018f126977e0 JavaThread "Live Reload Server" daemon [_thread_in_native, id=27200, stack(0x0000001f94900000,0x0000001f94a00000)]
  0x0000018f126972d0 JavaThread "http-nio-8080-exec-1" daemon [_thread_blocked, id=19716, stack(0x0000001f94800000,0x0000001f94900000)]
  0x0000018f121ed3d0 JavaThread "http-nio-8080-exec-2" daemon [_thread_blocked, id=13900, stack(0x0000001f94a00000,0x0000001f94b00000)]
  0x0000018f121efc50 JavaThread "http-nio-8080-exec-3" daemon [_thread_blocked, id=25292, stack(0x0000001f94b00000,0x0000001f94c00000)]
  0x0000018f121f1fc0 JavaThread "http-nio-8080-exec-4" daemon [_thread_blocked, id=40064, stack(0x0000001f94c00000,0x0000001f94d00000)]
  0x0000018f121eba80 JavaThread "http-nio-8080-exec-5" daemon [_thread_blocked, id=38008, stack(0x0000001f94d00000,0x0000001f94e00000)]
  0x0000018f121f24d0 JavaThread "http-nio-8080-exec-6" daemon [_thread_blocked, id=16276, stack(0x0000001f94e00000,0x0000001f94f00000)]
  0x0000018f121ee300 JavaThread "http-nio-8080-exec-7" daemon [_thread_blocked, id=21732, stack(0x0000001f94f00000,0x0000001f95000000)]
  0x0000018f121f29e0 JavaThread "http-nio-8080-exec-8" daemon [_thread_blocked, id=16308, stack(0x0000001f95000000,0x0000001f95100000)]
  0x0000018f121ec9b0 JavaThread "http-nio-8080-exec-9" daemon [_thread_blocked, id=24876, stack(0x0000001f95100000,0x0000001f95200000)]
  0x0000018f121ee810 JavaThread "http-nio-8080-exec-10" daemon [_thread_blocked, id=12436, stack(0x0000001f95200000,0x0000001f95300000)]
  0x0000018f121ef230 JavaThread "http-nio-8080-Poller" daemon [_thread_in_native, id=1880, stack(0x0000001f95300000,0x0000001f95400000)]
  0x0000018f121eddf0 JavaThread "http-nio-8080-Acceptor" daemon [_thread_in_native, id=10564, stack(0x0000001f95400000,0x0000001f95500000)]
  0x0000018f121f0160 JavaThread "DestroyJavaVM" [_thread_blocked, id=26420, stack(0x0000001f91f00000,0x0000001f92000000)]
  0x0000018f121f0670 JavaThread "HikariPool-1 connection adder" daemon [_thread_in_native, id=62996, stack(0x0000001f93d00000,0x0000001f93e00000)]

Other Threads:
  0x0000018ec98896e0 VMThread "VM Thread" [stack: 0x0000001f92500000,0x0000001f92600000] [id=17808]
  0x0000018ec9c0c560 WatcherThread [stack: 0x0000001f93400000,0x0000001f93500000] [id=11420]
  0x0000018ea993c110 GCTaskThread "GC Thread#0" [stack: 0x0000001f92000000,0x0000001f92100000] [id=16428]
  0x0000018f0f403940 GCTaskThread "GC Thread#1" [stack: 0x0000001f93600000,0x0000001f93700000] [id=14904]
  0x0000018f0fa4fc70 GCTaskThread "GC Thread#2" [stack: 0x0000001f93700000,0x0000001f93800000] [id=40216]
  0x0000018f0f5bd4a0 GCTaskThread "GC Thread#3" [stack: 0x0000001f93800000,0x0000001f93900000] [id=20924]
  0x0000018f0f59d0d0 GCTaskThread "GC Thread#4" [stack: 0x0000001f93900000,0x0000001f93a00000] [id=9232]
  0x0000018f0f9d4ed0 GCTaskThread "GC Thread#5" [stack: 0x0000001f93a00000,0x0000001f93b00000] [id=38148]
  0x0000018f0f9d5bb0 GCTaskThread "GC Thread#6" [stack: 0x0000001f93b00000,0x0000001f93c00000] [id=10544]
  0x0000018f0f9d5e70 GCTaskThread "GC Thread#7" [stack: 0x0000001f93c00000,0x0000001f93d00000] [id=26600]
  0x0000018ea994d270 ConcurrentGCThread "G1 Main Marker" [stack: 0x0000001f92100000,0x0000001f92200000] [id=2776]
  0x0000018ea994e430 ConcurrentGCThread "G1 Conc#0" [stack: 0x0000001f92200000,0x0000001f92300000] [id=37996]
  0x0000018f105fc070 ConcurrentGCThread "G1 Conc#1" [stack: 0x0000001f93500000,0x0000001f93600000] [id=1872]
  0x0000018ea998e690 ConcurrentGCThread "G1 Refine#0" [stack: 0x0000001f92300000,0x0000001f92400000] [id=32960]
  0x0000018f13d27430 ConcurrentGCThread "G1 Refine#1" [stack: 0x0000001f91c00000,0x0000001f91d00000] [id=12132]
  0x0000018f148d5830 ConcurrentGCThread "G1 Refine#2" [stack: 0x0000001f91d00000,0x0000001f91e00000] [id=45360]
  0x0000018ec9746640 ConcurrentGCThread "G1 Service" [stack: 0x0000001f92400000,0x0000001f92500000] [id=17224]

Threads with active compile tasks:
C2 CompilerThread0  74153418 6171       4       org.springframework.boot.devtools.filewatch.FileSystemWatcher$Watcher::isDifferent (105 bytes)

VM state: not at safepoint (normal execution)

VM Mutex/Monitor currently owned by a thread: None

Heap address: 0x0000000087000000, size: 1936 MB, Compressed Oops mode: 32-bit

CDS archive(s) mapped at: [0x0000018eca000000-0x0000018ecaba0000-0x0000018ecaba0000), size 12189696, SharedBaseAddress: 0x0000018eca000000, ArchiveRelocationMode: 1.
Compressed class space mapped at: 0x0000018ecb000000-0x0000018f0b000000, reserved size: 1073741824
Narrow klass base: 0x0000018eca000000, Narrow klass shift: 0, Narrow klass range: 0x100000000

GC Precious Log:
 CPUs: 8 total, 8 available
 Memory: 7739M
 Large Page Support: Disabled
 NUMA Support: Disabled
 Compressed Oops: Enabled (32-bit)
 Heap Region Size: 1M
 Heap Min Capacity: 8M
 Heap Initial Capacity: 122M
 Heap Max Capacity: 1936M
 Pre-touch: Disabled
 Parallel Workers: 8
 Concurrent Workers: 2
 Concurrent Refinement Workers: 8
 Periodic GC: Disabled

Heap:
 garbage-first heap   total 53248K, used 42359K [0x0000000087000000, 0x0000000100000000)
  region size 1024K, 18 young (18432K), 1 survivors (1024K)
 Metaspace       used 65649K, committed 66368K, reserved 1114112K
  class space    used 8893K, committed 9216K, reserved 1048576K

Heap Regions: E=young(eden), S=young(survivor), O=old, HS=humongous(starts), HC=humongous(continues), CS=collection set, F=free, OA=open archive, CA=closed archive, TAMS=top-at-mark-start (previous, next)
|   0|0x0000000087000000, 0x0000000087100000, 0x0000000087100000|100%|HS|  |TAMS 0x0000000087100000, 0x0000000087000000| Complete 
|   1|0x0000000087100000, 0x0000000087200000, 0x0000000087200000|100%| O|  |TAMS 0x0000000087200000, 0x0000000087100000| Untracked 
|   2|0x0000000087200000, 0x0000000087300000, 0x0000000087300000|100%| O|  |TAMS 0x0000000087300000, 0x0000000087200000| Untracked 
|   3|0x0000000087300000, 0x0000000087400000, 0x0000000087400000|100%| O|  |TAMS 0x0000000087400000, 0x0000000087300000| Untracked 
|   4|0x0000000087400000, 0x0000000087500000, 0x0000000087500000|100%| O|  |TAMS 0x0000000087500000, 0x0000000087400000| Untracked 
|   5|0x0000000087500000, 0x0000000087600000, 0x0000000087600000|100%| O|  |TAMS 0x0000000087600000, 0x0000000087500000| Untracked 
|   6|0x0000000087600000, 0x0000000087700000, 0x0000000087700000|100%| O|  |TAMS 0x0000000087700000, 0x0000000087600000| Untracked 
|   7|0x0000000087700000, 0x0000000087800000, 0x0000000087800000|100%| O|  |TAMS 0x0000000087800000, 0x0000000087700000| Untracked 
|   8|0x0000000087800000, 0x0000000087900000, 0x0000000087900000|100%| O|  |TAMS 0x0000000087900000, 0x0000000087800000| Untracked 
|   9|0x0000000087900000, 0x0000000087900000, 0x0000000087a00000|  0%| F|  |TAMS 0x0000000087900000, 0x0000000087900000| Untracked 
|  10|0x0000000087a00000, 0x0000000087a00000, 0x0000000087b00000|  0%| F|  |TAMS 0x0000000087a00000, 0x0000000087a00000| Untracked 
|  11|0x0000000087b00000, 0x0000000087c00000, 0x0000000087c00000|100%| O|  |TAMS 0x0000000087c00000, 0x0000000087b00000| Untracked 
|  12|0x0000000087c00000, 0x0000000087d00000, 0x0000000087d00000|100%| O|  |TAMS 0x0000000087d00000, 0x0000000087c00000| Untracked 
|  13|0x0000000087d00000, 0x0000000087e00000, 0x0000000087e00000|100%| O|  |TAMS 0x0000000087e00000, 0x0000000087d00000| Untracked 
|  14|0x0000000087e00000, 0x0000000087e59c00, 0x0000000087f00000| 35%| O|  |TAMS 0x0000000087e59c00, 0x0000000087e00000| Untracked 
|  15|0x0000000087f00000, 0x0000000087f00000, 0x0000000088000000|  0%| F|  |TAMS 0x0000000087f00000, 0x0000000087f00000| Untracked 
|  16|0x0000000088000000, 0x0000000088100000, 0x0000000088100000|100%| O|  |TAMS 0x0000000088100000, 0x0000000088000000| Untracked 
|  17|0x0000000088100000, 0x0000000088200000, 0x0000000088200000|100%| O|  |TAMS 0x0000000088200000, 0x0000000088100000| Complete 
|  18|0x0000000088200000, 0x0000000088300000, 0x0000000088300000|100%| O|  |TAMS 0x0000000088300000, 0x0000000088200000| Untracked 
|  19|0x0000000088300000, 0x0000000088300000, 0x0000000088400000|  0%| F|  |TAMS 0x0000000088300000, 0x0000000088300000| Untracked 
|  20|0x0000000088400000, 0x0000000088400000, 0x0000000088500000|  0%| F|  |TAMS 0x0000000088400000, 0x0000000088400000| Untracked 
|  21|0x0000000088500000, 0x0000000088600000, 0x0000000088600000|100%| O|  |TAMS 0x0000000088600000, 0x0000000088500000| Untracked 
|  22|0x0000000088600000, 0x0000000088700000, 0x0000000088700000|100%| O|  |TAMS 0x0000000088700000, 0x0000000088600000| Untracked 
|  23|0x0000000088700000, 0x0000000088800000, 0x0000000088800000|100%| O|  |TAMS 0x0000000088800000, 0x0000000088700000| Untracked 
|  24|0x0000000088800000, 0x0000000088900000, 0x0000000088900000|100%| O|  |TAMS 0x0000000088900000, 0x0000000088800000| Untracked 
|  25|0x0000000088900000, 0x0000000088900000, 0x0000000088a00000|  0%| F|  |TAMS 0x0000000088900000, 0x0000000088900000| Untracked 
|  26|0x0000000088a00000, 0x0000000088a00000, 0x0000000088b00000|  0%| F|  |TAMS 0x0000000088a00000, 0x0000000088a00000| Untracked 
|  27|0x0000000088b00000, 0x0000000088c00000, 0x0000000088c00000|100%| O|  |TAMS 0x0000000088c00000, 0x0000000088b00000| Untracked 
|  28|0x0000000088c00000, 0x0000000088d00000, 0x0000000088d00000|100%| O|  |TAMS 0x0000000088d00000, 0x0000000088c00000| Untracked 
|  29|0x0000000088d00000, 0x0000000088e00000, 0x0000000088e00000|100%| O|  |TAMS 0x0000000088e00000, 0x0000000088d00000| Untracked 
|  30|0x0000000088e00000, 0x0000000088f00000, 0x0000000088f00000|100%| O|  |TAMS 0x0000000088f00000, 0x0000000088e00000| Untracked 
|  31|0x0000000088f00000, 0x0000000089000000, 0x0000000089000000|100%| O|  |TAMS 0x0000000089000000, 0x0000000088f00000| Untracked 
|  32|0x0000000089000000, 0x0000000089100000, 0x0000000089100000|100%| O|  |TAMS 0x0000000089100000, 0x0000000089000000| Untracked 
|  33|0x0000000089100000, 0x0000000089100000, 0x0000000089200000|  0%| F|  |TAMS 0x0000000089100000, 0x0000000089100000| Untracked 
|  34|0x0000000089200000, 0x0000000089204080, 0x0000000089300000|  1%| S|CS|TAMS 0x0000000089200000, 0x0000000089200000| Complete 
|  35|0x0000000089300000, 0x0000000089371c40, 0x0000000089400000| 44%| E|  |TAMS 0x0000000089300000, 0x0000000089300000| Complete 
|  36|0x0000000089400000, 0x0000000089500000, 0x0000000089500000|100%| E|CS|TAMS 0x0000000089400000, 0x0000000089400000| Complete 
|  37|0x0000000089500000, 0x0000000089600000, 0x0000000089600000|100%| E|CS|TAMS 0x0000000089500000, 0x0000000089500000| Complete 
|  38|0x0000000089600000, 0x0000000089700000, 0x0000000089700000|100%| E|CS|TAMS 0x0000000089600000, 0x0000000089600000| Complete 
|  39|0x0000000089700000, 0x0000000089800000, 0x0000000089800000|100%| E|CS|TAMS 0x0000000089700000, 0x0000000089700000| Complete 
|  40|0x0000000089800000, 0x0000000089900000, 0x0000000089900000|100%| E|CS|TAMS 0x0000000089800000, 0x0000000089800000| Complete 
|  41|0x0000000089900000, 0x0000000089a00000, 0x0000000089a00000|100%| E|CS|TAMS 0x0000000089900000, 0x0000000089900000| Complete 
|  42|0x0000000089a00000, 0x0000000089b00000, 0x0000000089b00000|100%| E|CS|TAMS 0x0000000089a00000, 0x0000000089a00000| Complete 
|  43|0x0000000089b00000, 0x0000000089c00000, 0x0000000089c00000|100%| E|CS|TAMS 0x0000000089b00000, 0x0000000089b00000| Complete 
|  44|0x0000000089c00000, 0x0000000089d00000, 0x0000000089d00000|100%| E|CS|TAMS 0x0000000089c00000, 0x0000000089c00000| Complete 
|  46|0x0000000089e00000, 0x0000000089f00000, 0x0000000089f00000|100%| E|CS|TAMS 0x0000000089e00000, 0x0000000089e00000| Complete 
|  47|0x0000000089f00000, 0x000000008a000000, 0x000000008a000000|100%| E|CS|TAMS 0x0000000089f00000, 0x0000000089f00000| Complete 
|  48|0x000000008a000000, 0x000000008a100000, 0x000000008a100000|100%| E|CS|TAMS 0x000000008a000000, 0x000000008a000000| Complete 
|  49|0x000000008a100000, 0x000000008a200000, 0x000000008a200000|100%| E|CS|TAMS 0x000000008a100000, 0x000000008a100000| Complete 
|  50|0x000000008a200000, 0x000000008a300000, 0x000000008a300000|100%| E|CS|TAMS 0x000000008a200000, 0x000000008a200000| Complete 
|  51|0x000000008a300000, 0x000000008a400000, 0x000000008a400000|100%| E|CS|TAMS 0x000000008a300000, 0x000000008a300000| Complete 
| 121|0x000000008e900000, 0x000000008ea00000, 0x000000008ea00000|100%| E|CS|TAMS 0x000000008e900000, 0x000000008e900000| Complete 

Card table byte_map: [0x0000018ec29f0000,0x0000018ec2dc0000] _byte_map_base: 0x0000018ec25b8000

Marking Bits (Prev, Next): (CMBitMap*) 0x0000018ea993c770, (CMBitMap*) 0x0000018ea993c730
 Prev Bits: [0x0000018ec4fd0000, 0x0000018ec6e10000)
 Next Bits: [0x0000018ec3190000, 0x0000018ec4fd0000)

Polling page: 0x0000018eb2b90000

Metaspace:

Usage:
  Non-class:     55.43 MB used.
      Class:      8.69 MB used.
       Both:     64.11 MB used.

Virtual space:
  Non-class space:       64.00 MB reserved,      55.81 MB ( 87%) committed,  1 nodes.
      Class space:        1.00 GB reserved,       9.00 MB ( <1%) committed,  1 nodes.
             Both:        1.06 GB reserved,      64.81 MB (  6%) committed. 

Chunk freelists:
   Non-Class:  7.69 MB
       Class:  6.94 MB
        Both:  14.63 MB

MaxMetaspaceSize: unlimited
CompressedClassSpaceSize: 1.00 GB
Initial GC threshold: 21.00 MB
Current GC threshold: 107.94 MB
CDS: on
MetaspaceReclaimPolicy: balanced
 - commit_granule_bytes: 65536.
 - commit_granule_words: 8192.
 - virtual_space_node_default_size: 8388608.
 - enlarge_chunks_in_place: 1.
 - new_chunks_are_fully_committed: 0.
 - uncommit_free_chunks: 1.
 - use_allocation_guard: 0.
 - handle_deallocations: 1.


Internal statistics:

num_allocs_failed_limit: 8.
num_arena_births: 716.
num_arena_deaths: 234.
num_vsnodes_births: 2.
num_vsnodes_deaths: 0.
num_space_committed: 1037.
num_space_uncommitted: 0.
num_chunks_returned_to_freelist: 261.
num_chunks_taken_from_freelist: 3051.
num_chunk_merges: 89.
num_chunk_splits: 2256.
num_chunks_enlarged: 1829.
num_inconsistent_stats: 0.

CodeHeap 'non-profiled nmethods': size=120000Kb used=4766Kb max_used=4766Kb free=115233Kb
 bounds [0x0000018eba680000, 0x0000018ebab30000, 0x0000018ec1bb0000]
CodeHeap 'profiled nmethods': size=120000Kb used=10769Kb max_used=10769Kb free=109230Kb
 bounds [0x0000018eb2bb0000, 0x0000018eb3640000, 0x0000018eba0e0000]
CodeHeap 'non-nmethods': size=5760Kb used=1410Kb max_used=1459Kb free=4349Kb
 bounds [0x0000018eba0e0000, 0x0000018eba350000, 0x0000018eba680000]
 total_blobs=6133 nmethods=5467 adapters=578
 compilation: enabled
              stopped_count=0, restarted_count=0
 full_count=0

Compilation events (20 events):
Event: 74141.939 Thread 0x0000018ec98ac890 nmethod 6161 0x0000018ebab14590 code [0x0000018ebab14740, 0x0000018ebab14a38]
Event: 74142.963 Thread 0x0000018ec98ac890 6162       4       java.util.concurrent.ScheduledThreadPoolExecutor$DelayedWorkQueue::take (5 bytes)
Event: 74143.081 Thread 0x0000018ec98aed10 6167 % !   3       java.util.concurrent.ThreadPoolExecutor::runWorker @ 21 (187 bytes)
Event: 74143.396 Thread 0x0000018ec98aed10 nmethod 6167% 0x0000018eb3630090 code [0x0000018eb36303c0, 0x0000018eb3631af8]
Event: 74143.426 Thread 0x0000018ec98aed10 6169   !   3       java.util.concurrent.ThreadPoolExecutor::runWorker (187 bytes)
Event: 74143.471 Thread 0x0000018ec98aed10 nmethod 6169 0x0000018eb3632490 code [0x0000018eb36327a0, 0x0000018eb3633bf8]
Event: 74143.983 Thread 0x0000018ec98ac890 nmethod 6162 0x0000018ebab14d90 code [0x0000018ebab15100, 0x0000018ebab18f28]
Event: 74143.984 Thread 0x0000018ec98ac890 6165   !   4       java.util.concurrent.ScheduledThreadPoolExecutor$DelayedWorkQueue::take (203 bytes)
Event: 74144.119 Thread 0x0000018ec98ac890 nmethod 6165 0x0000018ebab1b490 code [0x0000018ebab1b800, 0x0000018ebab1f468]
Event: 74144.119 Thread 0x0000018ec98ac890 6166       4       java.util.concurrent.ScheduledThreadPoolExecutor$DelayedWorkQueue::add (9 bytes)
Event: 74144.213 Thread 0x0000018ec98ac890 nmethod 6166 0x0000018ebab21a10 code [0x0000018ebab21c00, 0x0000018ebab231b8]
Event: 74144.213 Thread 0x0000018ec98ac890 6163   !   4       java.util.concurrent.ScheduledThreadPoolExecutor$DelayedWorkQueue::offer (123 bytes)
Event: 74144.279 Thread 0x0000018ec98ac890 nmethod 6163 0x0000018ebab23e10 code [0x0000018ebab24000, 0x0000018ebab25438]
Event: 74144.279 Thread 0x0000018ec98ac890 6164       4       java.util.concurrent.ScheduledThreadPoolExecutor$DelayedWorkQueue::finishPoll (43 bytes)
Event: 74144.302 Thread 0x0000018ec98ac890 nmethod 6164 0x0000018ebab25f10 code [0x0000018ebab260e0, 0x0000018ebab26b98]
Event: 74144.302 Thread 0x0000018ec98ac890 6170       4       java.util.concurrent.ThreadPoolExecutor$Worker::tryRelease (12 bytes)
Event: 74144.307 Thread 0x0000018ec98ac890 nmethod 6170 0x0000018ebab27290 code [0x0000018ebab27400, 0x0000018ebab274d8]
Event: 74144.307 Thread 0x0000018ec98ac890 6168       4       java.util.concurrent.locks.LockSupport::setBlocker (12 bytes)
Event: 74144.308 Thread 0x0000018ec98ac890 nmethod 6168 0x0000018ebab27590 code [0x0000018ebab27700, 0x0000018ebab27818]
Event: 74153.197 Thread 0x0000018ec98ac890 6171       4       org.springframework.boot.devtools.filewatch.FileSystemWatcher$Watcher::isDifferent (105 bytes)

GC Heap History (20 events):
Event: 13.865 GC heap before
{Heap before GC invocations=22 (full 0):
 garbage-first heap   total 48128K, used 38655K [0x0000000087000000, 0x0000000100000000)
  region size 1024K, 14 young (14336K), 2 survivors (2048K)
 Metaspace       used 60371K, committed 60928K, reserved 1114112K
  class space    used 8249K, committed 8512K, reserved 1048576K
}
Event: 13.868 GC heap after
{Heap after GC invocations=23 (full 0):
 garbage-first heap   total 48128K, used 27305K [0x0000000087000000, 0x0000000100000000)
  region size 1024K, 1 young (1024K), 1 survivors (1024K)
 Metaspace       used 60371K, committed 60928K, reserved 1114112K
  class space    used 8249K, committed 8512K, reserved 1048576K
}
Event: 57.021 GC heap before
{Heap before GC invocations=23 (full 0):
 garbage-first heap   total 48128K, used 37545K [0x0000000087000000, 0x0000000100000000)
  region size 1024K, 12 young (12288K), 1 survivors (1024K)
 Metaspace       used 62297K, committed 62784K, reserved 1114112K
  class space    used 8487K, committed 8704K, reserved 1048576K
}
Event: 57.027 GC heap after
{Heap after GC invocations=24 (full 0):
 garbage-first heap   total 48128K, used 27962K [0x0000000087000000, 0x0000000100000000)
  region size 1024K, 2 young (2048K), 2 survivors (2048K)
 Metaspace       used 62297K, committed 62784K, reserved 1114112K
  class space    used 8487K, committed 8704K, reserved 1048576K
}
Event: 57.317 GC heap before
{Heap before GC invocations=25 (full 0):
 garbage-first heap   total 51200K, used 37178K [0x0000000087000000, 0x0000000100000000)
  region size 1024K, 12 young (12288K), 2 survivors (2048K)
 Metaspace       used 64882K, committed 65472K, reserved 1114112K
  class space    used 8867K, committed 9152K, reserved 1048576K
}
Event: 57.320 GC heap after
{Heap after GC invocations=26 (full 0):
 garbage-first heap   total 51200K, used 28264K [0x0000000087000000, 0x0000000100000000)
  region size 1024K, 2 young (2048K), 2 survivors (2048K)
 Metaspace       used 64882K, committed 65472K, reserved 1114112K
  class space    used 8867K, committed 9152K, reserved 1048576K
}
Event: 376.465 GC heap before
{Heap before GC invocations=26 (full 0):
 garbage-first heap   total 51200K, used 39528K [0x0000000087000000, 0x0000000100000000)
  region size 1024K, 14 young (14336K), 2 survivors (2048K)
 Metaspace       used 65709K, committed 66304K, reserved 1114112K
  class space    used 8947K, committed 9216K, reserved 1048576K
}
Event: 376.528 GC heap after
{Heap after GC invocations=27 (full 0):
 garbage-first heap   total 51200K, used 28460K [0x0000000087000000, 0x0000000100000000)
  region size 1024K, 2 young (2048K), 2 survivors (2048K)
 Metaspace       used 65709K, committed 66304K, reserved 1114112K
  class space    used 8947K, committed 9216K, reserved 1048576K
}
Event: 821.315 GC heap before
{Heap before GC invocations=28 (full 0):
 garbage-first heap   total 53248K, used 40748K [0x0000000087000000, 0x0000000100000000)
  region size 1024K, 14 young (14336K), 2 survivors (2048K)
 Metaspace       used 65710K, committed 66304K, reserved 1114112K
  class space    used 8947K, committed 9216K, reserved 1048576K
}
Event: 821.382 GC heap after
{Heap after GC invocations=29 (full 0):
 garbage-first heap   total 53248K, used 28485K [0x0000000087000000, 0x0000000100000000)
  region size 1024K, 1 young (1024K), 1 survivors (1024K)
 Metaspace       used 65710K, committed 66304K, reserved 1114112K
  class space    used 8947K, committed 9216K, reserved 1048576K
}
Event: 10651.538 GC heap before
{Heap before GC invocations=29 (full 0):
 garbage-first heap   total 53248K, used 43845K [0x0000000087000000, 0x0000000100000000)
  region size 1024K, 16 young (16384K), 1 survivors (1024K)
 Metaspace       used 65754K, committed 66304K, reserved 1114112K
  class space    used 8948K, committed 9216K, reserved 1048576K
}
Event: 10651.642 GC heap after
{Heap after GC invocations=30 (full 0):
 garbage-first heap   total 53248K, used 28625K [0x0000000087000000, 0x0000000100000000)
  region size 1024K, 1 young (1024K), 1 survivors (1024K)
 Metaspace       used 65754K, committed 66304K, reserved 1114112K
  class space    used 8948K, committed 9216K, reserved 1048576K
}
Event: 39133.901 GC heap before
{Heap before GC invocations=31 (full 0):
 garbage-first heap   total 53248K, used 43985K [0x0000000087000000, 0x0000000100000000)
  region size 1024K, 16 young (16384K), 1 survivors (1024K)
 Metaspace       used 65590K, committed 66368K, reserved 1114112K
  class space    used 8891K, committed 9216K, reserved 1048576K
}
Event: 39134.017 GC heap after
{Heap after GC invocations=32 (full 0):
 garbage-first heap   total 53248K, used 28940K [0x0000000087000000, 0x0000000100000000)
  region size 1024K, 2 young (2048K), 2 survivors (2048K)
 Metaspace       used 65590K, committed 66368K, reserved 1114112K
  class space    used 8891K, committed 9216K, reserved 1048576K
}
Event: 39169.996 GC heap before
{Heap before GC invocations=32 (full 0):
 garbage-first heap   total 53248K, used 29964K [0x0000000087000000, 0x0000000100000000)
  region size 1024K, 3 young (3072K), 2 survivors (2048K)
 Metaspace       used 65590K, committed 66368K, reserved 1114112K
  class space    used 8891K, committed 9216K, reserved 1048576K
}
Event: 39170.095 GC heap after
{Heap after GC invocations=33 (full 0):
 garbage-first heap   total 53248K, used 27006K [0x0000000087000000, 0x0000000100000000)
  region size 1024K, 1 young (1024K), 1 survivors (1024K)
 Metaspace       used 65590K, committed 66368K, reserved 1114112K
  class space    used 8891K, committed 9216K, reserved 1048576K
}
Event: 39205.174 GC heap before
{Heap before GC invocations=33 (full 0):
 garbage-first heap   total 53248K, used 28030K [0x0000000087000000, 0x0000000100000000)
  region size 1024K, 2 young (2048K), 1 survivors (1024K)
 Metaspace       used 65590K, committed 66368K, reserved 1114112K
  class space    used 8891K, committed 9216K, reserved 1048576K
}
Event: 39205.242 GC heap after
{Heap after GC invocations=34 (full 0):
 garbage-first heap   total 53248K, used 25987K [0x0000000087000000, 0x0000000100000000)
  region size 1024K, 1 young (1024K), 1 survivors (1024K)
 Metaspace       used 65590K, committed 66368K, reserved 1114112K
  class space    used 8891K, committed 9216K, reserved 1048576K
}
Event: 39802.693 GC heap before
{Heap before GC invocations=34 (full 0):
 garbage-first heap   total 53248K, used 42371K [0x0000000087000000, 0x0000000100000000)
  region size 1024K, 17 young (17408K), 1 survivors (1024K)
 Metaspace       used 65592K, committed 66368K, reserved 1114112K
  class space    used 8891K, committed 9216K, reserved 1048576K
}
Event: 39802.810 GC heap after
{Heap after GC invocations=35 (full 0):
 garbage-first heap   total 53248K, used 25975K [0x0000000087000000, 0x0000000100000000)
  region size 1024K, 1 young (1024K), 1 survivors (1024K)
 Metaspace       used 65592K, committed 66368K, reserved 1114112K
  class space    used 8891K, committed 9216K, reserved 1048576K
}

Dll operation events (12 events):
Event: 0.013 Loaded shared library C:\Users\adm\.jdks\corretto-17.0.9\bin\java.dll
Event: 0.014 Loaded shared library C:\Users\adm\.jdks\corretto-17.0.9\bin\zip.dll
Event: 0.037 Loaded shared library C:\Users\adm\.jdks\corretto-17.0.9\bin\jsvml.dll
Event: 0.190 Loaded shared library C:\Users\adm\.jdks\corretto-17.0.9\bin\instrument.dll
Event: 0.274 Loaded shared library C:\Users\adm\.jdks\corretto-17.0.9\bin\net.dll
Event: 0.275 Loaded shared library C:\Users\adm\.jdks\corretto-17.0.9\bin\nio.dll
Event: 0.290 Loaded shared library C:\Users\adm\.jdks\corretto-17.0.9\bin\zip.dll
Event: 0.489 Loaded shared library C:\Users\adm\.jdks\corretto-17.0.9\bin\jimage.dll
Event: 0.942 Loaded shared library C:\Users\adm\.jdks\corretto-17.0.9\bin\management.dll
Event: 0.945 Loaded shared library C:\Users\adm\.jdks\corretto-17.0.9\bin\management_ext.dll
Event: 6.116 Loaded shared library C:\Users\adm\.jdks\corretto-17.0.9\bin\sunmscapi.dll
Event: 8.921 Loaded shared library C:\Users\adm\.jdks\corretto-17.0.9\bin\verify.dll

Deoptimization events (20 events):
Event: 46607.413 Thread 0x0000018f121f0670 DEOPT PACKING pc=0x0000018eb349c674 sp=0x0000001f93dfe840
Event: 46607.413 Thread 0x0000018f121f0670 DEOPT UNPACKING pc=0x0000018eba13ace3 sp=0x0000001f93dfdcf0 mode 1
Event: 46617.456 Thread 0x0000018f121f0670 DEOPT PACKING pc=0x0000018eb348906c sp=0x0000001f93dfe780
Event: 46617.457 Thread 0x0000018f121f0670 DEOPT UNPACKING pc=0x0000018eba13ace3 sp=0x0000001f93dfdc18 mode 1
Event: 46617.457 Thread 0x0000018f121f0670 DEOPT PACKING pc=0x0000018eb349cc0c sp=0x0000001f93dfe7d0
Event: 46617.457 Thread 0x0000018f121f0670 DEOPT UNPACKING pc=0x0000018eba13ace3 sp=0x0000001f93dfdc38 mode 1
Event: 46617.457 Thread 0x0000018f121f0670 DEOPT PACKING pc=0x0000018eb349c674 sp=0x0000001f93dfe840
Event: 46617.457 Thread 0x0000018f121f0670 DEOPT UNPACKING pc=0x0000018eba13ace3 sp=0x0000001f93dfdcf0 mode 1
Event: 54455.456 Thread 0x0000018f121f0670 DEOPT PACKING pc=0x0000018eb348906c sp=0x0000001f93dfe780
Event: 54455.457 Thread 0x0000018f121f0670 DEOPT UNPACKING pc=0x0000018eba13ace3 sp=0x0000001f93dfdc18 mode 1
Event: 54455.457 Thread 0x0000018f121f0670 DEOPT PACKING pc=0x0000018eb349cc0c sp=0x0000001f93dfe7d0
Event: 54455.457 Thread 0x0000018f121f0670 DEOPT UNPACKING pc=0x0000018eba13ace3 sp=0x0000001f93dfdc38 mode 1
Event: 54455.457 Thread 0x0000018f121f0670 DEOPT PACKING pc=0x0000018eb349c674 sp=0x0000001f93dfe840
Event: 54455.457 Thread 0x0000018f121f0670 DEOPT UNPACKING pc=0x0000018eba13ace3 sp=0x0000001f93dfdcf0 mode 1
Event: 74146.561 Thread 0x0000018f121f0670 DEOPT PACKING pc=0x0000018eb348906c sp=0x0000001f93dfe780
Event: 74146.565 Thread 0x0000018f121f0670 DEOPT UNPACKING pc=0x0000018eba13ace3 sp=0x0000001f93dfdc18 mode 1
Event: 74146.565 Thread 0x0000018f121f0670 DEOPT PACKING pc=0x0000018eb349cc0c sp=0x0000001f93dfe7d0
Event: 74146.565 Thread 0x0000018f121f0670 DEOPT UNPACKING pc=0x0000018eba13ace3 sp=0x0000001f93dfdc38 mode 1
Event: 74146.566 Thread 0x0000018f121f0670 DEOPT PACKING pc=0x0000018eb349c674 sp=0x0000001f93dfe840
Event: 74146.566 Thread 0x0000018f121f0670 DEOPT UNPACKING pc=0x0000018eba13ace3 sp=0x0000001f93dfdcf0 mode 1

Classes unloaded (20 events):
Event: 10652.975 Thread 0x0000018ec98896e0 Unloading class 0x0000018ecb10c400 'java/lang/invoke/LambdaForm$MH+0x0000018ecb10c400'
Event: 10652.976 Thread 0x0000018ec98896e0 Unloading class 0x0000018ecb025400 'java/lang/invoke/LambdaForm$MH+0x0000018ecb025400'
Event: 10652.977 Thread 0x0000018ec98896e0 Unloading class 0x0000018ecb025000 'java/lang/invoke/LambdaForm$MH+0x0000018ecb025000'
Event: 10652.977 Thread 0x0000018ec98896e0 Unloading class 0x0000018ecb024c00 'java/lang/invoke/LambdaForm$MH+0x0000018ecb024c00'
Event: 10652.977 Thread 0x0000018ec98896e0 Unloading class 0x0000018ecb024800 'java/lang/invoke/LambdaForm$MH+0x0000018ecb024800'
Event: 10652.977 Thread 0x0000018ec98896e0 Unloading class 0x0000018ecb024400 'java/lang/invoke/LambdaForm$MH+0x0000018ecb024400'
Event: 10652.977 Thread 0x0000018ec98896e0 Unloading class 0x0000018ecb024000 'java/lang/invoke/LambdaForm$MH+0x0000018ecb024000'
Event: 10652.979 Thread 0x0000018ec98896e0 Unloading class 0x0000018ecb014c00 'java/lang/invoke/LambdaForm$MH+0x0000018ecb014c00'
Event: 10652.979 Thread 0x0000018ec98896e0 Unloading class 0x0000018ecb014800 'java/lang/invoke/LambdaForm$MH+0x0000018ecb014800'
Event: 10652.979 Thread 0x0000018ec98896e0 Unloading class 0x0000018ecb014000 'java/lang/invoke/LambdaForm$MH+0x0000018ecb014000'
Event: 10652.979 Thread 0x0000018ec98896e0 Unloading class 0x0000018ecb013c00 'java/lang/invoke/LambdaForm$MH+0x0000018ecb013c00'
Event: 10652.979 Thread 0x0000018ec98896e0 Unloading class 0x0000018ecb012c00 'java/lang/invoke/LambdaForm$MH+0x0000018ecb012c00'
Event: 10652.979 Thread 0x0000018ec98896e0 Unloading class 0x0000018ecb012400 'java/lang/invoke/LambdaForm$MH+0x0000018ecb012400'
Event: 10652.979 Thread 0x0000018ec98896e0 Unloading class 0x0000018ecb012000 'java/lang/invoke/LambdaForm$MH+0x0000018ecb012000'
Event: 10652.979 Thread 0x0000018ec98896e0 Unloading class 0x0000018ecb011c00 'java/lang/invoke/LambdaForm$MH+0x0000018ecb011c00'
Event: 10652.979 Thread 0x0000018ec98896e0 Unloading class 0x0000018ecb011800 'java/lang/invoke/LambdaForm$MH+0x0000018ecb011800'
Event: 10652.979 Thread 0x0000018ec98896e0 Unloading class 0x0000018ecb011400 'java/lang/invoke/LambdaForm$MH+0x0000018ecb011400'
Event: 10652.979 Thread 0x0000018ec98896e0 Unloading class 0x0000018ecb010c00 'java/lang/invoke/LambdaForm$MH+0x0000018ecb010c00'
Event: 10652.979 Thread 0x0000018ec98896e0 Unloading class 0x0000018ecb010400 'java/lang/invoke/LambdaForm$MH+0x0000018ecb010400'
Event: 39803.109 Thread 0x0000018ec98896e0 Unloading class 0x0000018ecb92c000 'jdk/internal/reflect/GeneratedConstructorAccessor32'

Classes redefined (0 events):
No events

Internal exceptions (20 events):
Event: 12.121 Thread 0x0000018f0f57d1b0 Exception <a 'java/lang/IncompatibleClassChangeError'{0x0000000089115170}: Found class java.lang.Object, but interface was expected> (0x0000000089115170) 
thrown [s\src\hotspot\share\interpreter\linkResolver.cpp, line 826]
Event: 12.757 Thread 0x0000018f0f57d1b0 Exception <a 'java/lang/NoSuchMethodError'{0x0000000089295550}: 'java.lang.Object java.lang.invoke.DirectMethodHandle$Holder.invokeInterface(java.lang.Object, java.lang.Object, java.lang.Object, java.lang.Object)'> (0x0000000089295550) 
thrown [s\src\hotspot\share\interpreter\linkResolver.cpp, line 759]
Event: 13.146 Thread 0x0000018f0f57d1b0 Exception <a 'sun/nio/fs/WindowsException'{0x000000008a0e3900}> (0x000000008a0e3900) 
thrown [s\src\hotspot\share\prims\jni.cpp, line 516]
Event: 13.314 Thread 0x0000018f0f57d1b0 Exception <a 'java/lang/NoSuchMethodError'{0x00000000896d2960}: 'void java.lang.invoke.DirectMethodHandle$Holder.invokeVirtual(java.lang.Object, java.lang.Object, long)'> (0x00000000896d2960) 
thrown [s\src\hotspot\share\interpreter\linkResolver.cpp, line 759]
Event: 13.616 Thread 0x0000018f0f57d1b0 Exception <a 'java/lang/IncompatibleClassChangeError'{0x000000008a2bc1d8}: Found class java.lang.Object, but interface was expected> (0x000000008a2bc1d8) 
thrown [s\src\hotspot\share\interpreter\linkResolver.cpp, line 826]
Event: 13.728 Thread 0x0000018f0f57d1b0 Implicit null exception at 0x0000018eba7e77ba to 0x0000018eba7e79d0
Event: 13.975 Thread 0x0000018f0f57d1b0 Exception <a 'java/lang/NoSuchMethodError'{0x000000008a22ebc8}: 'java.lang.Object java.lang.invoke.DirectMethodHandle$Holder.newInvokeSpecial(java.lang.Object, java.lang.Object, int, java.lang.Object, java.lang.Object)'> (0x000000008a22ebc8) 
thrown [s\src\hotspot\share\interpreter\linkResolver.cpp, line 759]
Event: 13.977 Thread 0x0000018f0f57d1b0 Exception <a 'java/lang/NoSuchMethodError'{0x000000008a23a390}: 'java.lang.Object java.lang.invoke.DirectMethodHandle$Holder.invokeSpecial(java.lang.Object, java.lang.Object, int, java.lang.Object, int, java.lang.Object)'> (0x000000008a23a390) 
thrown [s\src\hotspot\share\interpreter\linkResolver.cpp, line 759]
Event: 13.978 Thread 0x0000018f0f57d1b0 Exception <a 'java/lang/NoSuchMethodError'{0x000000008a242440}: 'java.lang.Object java.lang.invoke.DirectMethodHandle$Holder.newInvokeSpecial(java.lang.Object, java.lang.Object, int, java.lang.Object, int)'> (0x000000008a242440) 
thrown [s\src\hotspot\share\interpreter\linkResolver.cpp, line 759]
Event: 13.978 Thread 0x0000018f0f57d1b0 Exception <a 'java/lang/NoSuchMethodError'{0x000000008a246540}: 'java.lang.Object java.lang.invoke.DirectMethodHandle$Holder.invokeSpecial(java.lang.Object, java.lang.Object, java.lang.Object, int, java.lang.Object, int)'> (0x000000008a246540) 
thrown [s\src\hotspot\share\interpreter\linkResolver.cpp, line 759]
Event: 56.917 Thread 0x0000018f126972d0 Exception <a 'java/lang/NoSuchMethodError'{0x00000000897fe428}: 'java.lang.Object java.lang.invoke.DirectMethodHandle$Holder.invokeSpecial(java.lang.Object, java.lang.Object, java.lang.Object, java.lang.Object, java.lang.Object, long)'> (0x00000000897fe428) 
thrown [s\src\hotspot\share\interpreter\linkResolver.cpp, line 759]
Event: 56.917 Thread 0x0000018f126972d0 Exception <a 'java/lang/NoSuchMethodError'{0x00000000896024a0}: 'java.lang.Object java.lang.invoke.Invokers$Holder.linkToTargetMethod(java.lang.Object, java.lang.Object, java.lang.Object, long, java.lang.Object)'> (0x00000000896024a0) 
thrown [s\src\hotspot\share\interpreter\linkResolver.cpp, line 759]
Event: 57.269 Thread 0x0000018f126972d0 Exception <a 'java/lang/NoSuchMethodError'{0x00000000899f1cd0}: 'void java.lang.invoke.DirectMethodHandle$Holder.invokeSpecialIFC(java.lang.Object, java.lang.Object, int, java.lang.Object, java.lang.Object, java.lang.Object, java.lang.Object)'> (0x00000000899f1cd0) 
thrown [s\src\hotspot\share\interpreter\linkResolver.cpp, line 759]
Event: 10646.612 Thread 0x0000018f12694f60 Implicit null exception at 0x0000018ebaaf3d98 to 0x0000018ebaaf4148
Event: 10646.660 Thread 0x0000018f12694f60 Implicit null exception at 0x0000018ebaaf3d98 to 0x0000018ebaaf4148
Event: 10646.661 Thread 0x0000018f12694f60 Implicit null exception at 0x0000018ebaaf3d98 to 0x0000018ebaaf4148
Event: 10646.662 Thread 0x0000018f12694f60 Implicit null exception at 0x0000018ebaaf3d98 to 0x0000018ebaaf4148
Event: 10646.662 Thread 0x0000018f12694f60 Implicit null exception at 0x0000018ebaaf4899 to 0x0000018ebaaf4bb4
Event: 46490.430 Thread 0x0000018f121f0670 Implicit null exception at 0x0000018eba803947 to 0x0000018eba80647c
Event: 74133.167 Thread 0x0000018f121f0670 Exception <a 'java/net/SocketException'{0x000000008950ab60}: Socket is not connected: shutdown> (0x000000008950ab60) 
thrown [s\src\hotspot\share\prims\jni.cpp, line 535]

VM Operations (20 events):
Event: 39803.666 Executing VM operation: G1PauseCleanup
Event: 39803.685 Executing VM operation: G1PauseCleanup done
Event: 46485.663 Executing VM operation: Cleanup
Event: 46485.671 Executing VM operation: Cleanup done
Event: 46490.707 Executing VM operation: Cleanup
Event: 46490.724 Executing VM operation: Cleanup done
Event: 46491.736 Executing VM operation: Cleanup
Event: 46491.736 Executing VM operation: Cleanup done
Event: 46530.502 Executing VM operation: HandshakeAllThreads
Event: 46530.515 Executing VM operation: HandshakeAllThreads done
Event: 46551.721 Executing VM operation: Cleanup
Event: 46551.721 Executing VM operation: Cleanup done
Event: 46572.953 Executing VM operation: Cleanup
Event: 46572.953 Executing VM operation: Cleanup done
Event: 46603.206 Executing VM operation: Cleanup
Event: 46603.269 Executing VM operation: Cleanup done
Event: 74133.570 Executing VM operation: Cleanup
Event: 74136.890 Executing VM operation: Cleanup done
Event: 74144.947 Executing VM operation: Cleanup
Event: 74144.982 Executing VM operation: Cleanup done

Events (20 events):
Event: 38999.679 Thread 0x0000018f121ef740 Thread added: 0x0000018f121ef740
Event: 38999.693 Thread 0x0000018f121f15a0 Thread added: 0x0000018f121f15a0
Event: 39004.908 Thread 0x0000018f121ef740 Thread exited: 0x0000018f121ef740
Event: 39008.555 Thread 0x0000018f121f15a0 Thread exited: 0x0000018f121f15a0
Event: 46480.367 Thread 0x0000018f121eed20 Thread added: 0x0000018f121eed20
Event: 46480.693 Thread 0x0000018f121f0670 Thread added: 0x0000018f121f0670
Event: 46489.920 Thread 0x0000018f121eed20 Thread exited: 0x0000018f121eed20
Event: 46490.393 loading class org/postgresql/util/GT
Event: 46490.396 loading class org/postgresql/util/GT done
Event: 46490.666 loading class org/postgresql/translation/messages
Event: 46490.666 loading class org/postgresql/translation/messages done
Event: 46490.726 loading class org/postgresql/translation/messages_pt
Event: 46490.726 loading class org/postgresql/translation/messages_pt done
Event: 46490.746 loading class org/postgresql/translation/messages_pt_BR
Event: 46490.746 loading class org/postgresql/translation/messages_pt_BR done
Event: 46491.319 loading class java/util/ResourceBundle$Control$1
Event: 46491.327 loading class java/util/ResourceBundle$Control$1 done
Event: 46491.603 loading class org/postgresql/util/PSQLState
Event: 46491.603 loading class org/postgresql/util/PSQLState done
Event: 46502.850 Thread 0x0000018f12698200 Thread exited: 0x0000018f12698200


Dynamic libraries:
0x00007ff7bf9c0000 - 0x00007ff7bf9ce000 	C:\Users\adm\.jdks\corretto-17.0.9\bin\java.exe
0x00007ff8506f0000 - 0x00007ff850907000 	C:\WINDOWS\SYSTEM32\ntdll.dll
0x00007ff84eb80000 - 0x00007ff84ec44000 	C:\WINDOWS\System32\KERNEL32.DLL
0x00007ff84e090000 - 0x00007ff84e436000 	C:\WINDOWS\System32\KERNELBASE.dll
0x00007ff84ded0000 - 0x00007ff84dfe1000 	C:\WINDOWS\System32\ucrtbase.dll
0x00007ff832660000 - 0x00007ff832677000 	C:\Users\adm\.jdks\corretto-17.0.9\bin\jli.dll
0x00007ff83f070000 - 0x00007ff83f08b000 	C:\Users\adm\.jdks\corretto-17.0.9\bin\VCRUNTIME140.dll
0x00007ff84e960000 - 0x00007ff84eb0e000 	C:\WINDOWS\System32\USER32.dll
0x00007ff838f70000 - 0x00007ff839203000 	C:\WINDOWS\WinSxS\amd64_microsoft.windows.common-controls_6595b64144ccf1df_6.0.22621.2506_none_270c5ae97388e100\COMCTL32.dll
0x00007ff84e060000 - 0x00007ff84e086000 	C:\WINDOWS\System32\win32u.dll
0x00007ff84e440000 - 0x00007ff84e469000 	C:\WINDOWS\System32\GDI32.dll
0x00007ff84e8b0000 - 0x00007ff84e957000 	C:\WINDOWS\System32\msvcrt.dll
0x00007ff84ddb0000 - 0x00007ff84dec8000 	C:\WINDOWS\System32\gdi32full.dll
0x00007ff84dba0000 - 0x00007ff84dc3a000 	C:\WINDOWS\System32\msvcp_win.dll
0x00007ff84e470000 - 0x00007ff84e4a1000 	C:\WINDOWS\System32\IMM32.DLL
0x00007ff846790000 - 0x00007ff84679c000 	C:\Users\adm\.jdks\corretto-17.0.9\bin\vcruntime140_1.dll
0x00007ff80ea90000 - 0x00007ff80eb1d000 	C:\Users\adm\.jdks\corretto-17.0.9\bin\msvcp140.dll
0x00007fffd5ae0000 - 0x00007fffd6741000 	C:\Users\adm\.jdks\corretto-17.0.9\bin\server\jvm.dll
0x00007ff84e720000 - 0x00007ff84e7d1000 	C:\WINDOWS\System32\ADVAPI32.dll
0x00007ff84e670000 - 0x00007ff84e715000 	C:\WINDOWS\System32\sechost.dll
0x00007ff84f660000 - 0x00007ff84f777000 	C:\WINDOWS\System32\RPCRT4.dll
0x00007ff8467a0000 - 0x00007ff8467a9000 	C:\WINDOWS\SYSTEM32\WSOCK32.dll
0x00007ff84c870000 - 0x00007ff84c8bd000 	C:\WINDOWS\SYSTEM32\POWRPROF.dll
0x00007ff840790000 - 0x00007ff8407c4000 	C:\WINDOWS\SYSTEM32\WINMM.dll
0x00007ff84f030000 - 0x00007ff84f0a1000 	C:\WINDOWS\System32\WS2_32.dll
0x00007ff840000000 - 0x00007ff84000a000 	C:\WINDOWS\SYSTEM32\VERSION.dll
0x00007ff84c850000 - 0x00007ff84c863000 	C:\WINDOWS\SYSTEM32\UMPDC.dll
0x00007ff84cb20000 - 0x00007ff84cb38000 	C:\WINDOWS\SYSTEM32\kernel.appcore.dll
0x00007ff83e6e0000 - 0x00007ff83e6ea000 	C:\Users\adm\.jdks\corretto-17.0.9\bin\jimage.dll
0x00007ff84ac30000 - 0x00007ff84ae63000 	C:\WINDOWS\SYSTEM32\DBGHELP.DLL
0x00007ff84f920000 - 0x00007ff84fca9000 	C:\WINDOWS\System32\combase.dll
0x00007ff84ef40000 - 0x00007ff84f017000 	C:\WINDOWS\System32\OLEAUT32.dll
0x00007ff8210f0000 - 0x00007ff821122000 	C:\WINDOWS\SYSTEM32\dbgcore.DLL
0x00007ff84db20000 - 0x00007ff84db9a000 	C:\WINDOWS\System32\bcryptPrimitives.dll
0x00007ff830210000 - 0x00007ff83024b000 	C:\Users\adm\.jdks\corretto-17.0.9\bin\jdwp.dll
0x00007ff83a270000 - 0x00007ff83a27e000 	C:\Users\adm\.jdks\corretto-17.0.9\bin\instrument.dll
0x00007ff8308d0000 - 0x00007ff8308f5000 	C:\Users\adm\.jdks\corretto-17.0.9\bin\java.dll
0x00007ff830640000 - 0x00007ff830658000 	C:\Users\adm\.jdks\corretto-17.0.9\bin\zip.dll
0x00007ff8086f0000 - 0x00007ff8087c7000 	C:\Users\adm\.jdks\corretto-17.0.9\bin\jsvml.dll
0x00007ff84fcb0000 - 0x00007ff85050a000 	C:\WINDOWS\System32\SHELL32.dll
0x00007ff84b940000 - 0x00007ff84c236000 	C:\WINDOWS\SYSTEM32\windows.storage.dll
0x00007ff84b800000 - 0x00007ff84b93e000 	C:\WINDOWS\SYSTEM32\wintypes.dll
0x00007ff84e570000 - 0x00007ff84e663000 	C:\WINDOWS\System32\SHCORE.dll
0x00007ff84e4b0000 - 0x00007ff84e50e000 	C:\WINDOWS\System32\shlwapi.dll
0x00007ff84d990000 - 0x00007ff84d9b6000 	C:\WINDOWS\SYSTEM32\profapi.dll
0x00007ff832cf0000 - 0x00007ff832cfc000 	C:\Users\adm\.jdks\corretto-17.0.9\bin\dt_socket.dll
0x00007ff84c510000 - 0x00007ff84c53d000 	C:\WINDOWS\SYSTEM32\IPHLPAPI.DLL
0x00007ff84cf90000 - 0x00007ff84cff9000 	C:\WINDOWS\system32\mswsock.dll
0x00007ff832640000 - 0x00007ff832659000 	C:\Users\adm\.jdks\corretto-17.0.9\bin\net.dll
0x00007ff8436e0000 - 0x00007ff843817000 	C:\WINDOWS\SYSTEM32\WINHTTP.dll
0x00007ff831430000 - 0x00007ff831446000 	C:\Users\adm\.jdks\corretto-17.0.9\bin\nio.dll
0x00007ff832090000 - 0x00007ff832099000 	C:\Users\adm\.jdks\corretto-17.0.9\bin\management.dll
0x00007ff831c30000 - 0x00007ff831c3b000 	C:\Users\adm\.jdks\corretto-17.0.9\bin\management_ext.dll
0x00007ff84f0b0000 - 0x00007ff84f0b8000 	C:\WINDOWS\System32\PSAPI.DLL
0x00007ff84d200000 - 0x00007ff84d21b000 	C:\WINDOWS\SYSTEM32\CRYPTSP.dll
0x00007ff84ca80000 - 0x00007ff84cab5000 	C:\WINDOWS\system32\rsaenh.dll
0x00007ff84d0a0000 - 0x00007ff84d0cc000 	C:\WINDOWS\SYSTEM32\USERENV.dll
0x00007ff84d410000 - 0x00007ff84d438000 	C:\WINDOWS\SYSTEM32\bcrypt.dll
0x00007ff84d220000 - 0x00007ff84d22c000 	C:\WINDOWS\SYSTEM32\CRYPTBASE.dll
0x00007ff84f020000 - 0x00007ff84f029000 	C:\WINDOWS\System32\NSI.dll
0x00007ff843200000 - 0x00007ff843219000 	C:\WINDOWS\SYSTEM32\dhcpcsvc6.DLL
0x00007ff8431d0000 - 0x00007ff8431ef000 	C:\WINDOWS\SYSTEM32\dhcpcsvc.DLL
0x00007ff84c540000 - 0x00007ff84c639000 	C:\WINDOWS\SYSTEM32\DNSAPI.dll
0x00007ff8310f0000 - 0x00007ff8310fe000 	C:\Users\adm\.jdks\corretto-17.0.9\bin\sunmscapi.dll
0x00007ff84dc40000 - 0x00007ff84dda6000 	C:\WINDOWS\System32\CRYPT32.dll
0x00007ff84d3e0000 - 0x00007ff84d40d000 	C:\WINDOWS\SYSTEM32\ncrypt.dll
0x00007ff84d3a0000 - 0x00007ff84d3d7000 	C:\WINDOWS\SYSTEM32\NTASN1.dll
0x00007ff840df0000 - 0x00007ff840dfa000 	C:\Windows\System32\rasadhlp.dll
0x00007ff840f90000 - 0x00007ff841013000 	C:\WINDOWS\System32\fwpuclnt.dll
0x00007ff837e30000 - 0x00007ff837e40000 	C:\Users\adm\.jdks\corretto-17.0.9\bin\verify.dll
0x00007ff83f260000 - 0x00007ff83f268000 	C:\WINDOWS\system32\wshunix.dll

dbghelp: loaded successfully - version: 4.0.5 - missing functions: none
symbol engine: initialized successfully - sym options: 0x614 - pdb path: .;C:\Users\adm\.jdks\corretto-17.0.9\bin;C:\WINDOWS\SYSTEM32;C:\WINDOWS\WinSxS\amd64_microsoft.windows.common-controls_6595b64144ccf1df_6.0.22621.2506_none_270c5ae97388e100;C:\Users\adm\.jdks\corretto-17.0.9\bin\server

VM Arguments:
jvm_args: -agentlib:jdwp=transport=dt_socket,address=127.0.0.1:60051,suspend=y,server=n -javaagent:C:\Users\adm\AppData\Local\JetBrains\IdeaIC2023.2\captureAgent\debugger-agent.jar -Dfile.encoding=UTF-8 
java_command: com.finance.financecontrol.FinanceControlApplication
java_class_path (initial): C:\Projetos Pessoais\finance-control\target\classes;C:\Users\adm\.m2\repository\org\springframework\boot\spring-boot-starter-data-jpa\3.1.7\spring-boot-starter-data-jpa-3.1.7.jar;C:\Users\adm\.m2\repository\org\springframework\boot\spring-boot-starter-aop\3.1.7\spring-boot-starter-aop-3.1.7.jar;C:\Users\adm\.m2\repository\org\springframework\spring-aop\6.0.15\spring-aop-6.0.15.jar;C:\Users\adm\.m2\repository\org\aspectj\aspectjweaver\1.9.21\aspectjweaver-1.9.21.jar;C:\Users\adm\.m2\repository\org\springframework\boot\spring-boot-starter-jdbc\3.1.7\spring-boot-starter-jdbc-3.1.7.jar;C:\Users\adm\.m2\repository\com\zaxxer\HikariCP\5.0.1\HikariCP-5.0.1.jar;C:\Users\adm\.m2\repository\org\springframework\spring-jdbc\6.0.15\spring-jdbc-6.0.15.jar;C:\Users\adm\.m2\repository\org\hibernate\orm\hibernate-core\6.2.17.Final\hibernate-core-6.2.17.Final.jar;C:\Users\adm\.m2\repository\jakarta\persistence\jakarta.persistence-api\3.1.0\jakarta.persistence-api-3.1.0.jar;C:\Users\adm\.m2\repository\jakarta\transaction\jakarta.transaction-api\2.0.1\jakarta.transaction-api-2.0.1.jar;C:\Users\adm\.m2\repository\org\jboss\logging\jboss-logging\3.5.3.Final\jboss-logging-3.5.3.Final.jar;C:\Users\adm\.m2\repository\org\hibernate\common\hibernate-commons-annotations\6.0.6.Final\hibernate-commons-annotations-6.0.6.Final.jar;C:\Users\adm\.m2\repository\io\smallrye\jandex\3.0.5\jandex-3.0.5.jar;C:\Users\adm\.m2\repository\com\fasterxml\classmate\1.5.1\classmate-1.5.1.jar;C:\Users\adm\.m2\repository\net\bytebuddy\byte-buddy\1.14.10\byte-buddy-1.14.10.jar;C:\Users\adm\.m2\repository\org\glassfish\jaxb\jaxb-runtime\4.0.4\jaxb-runtime-4.0.4.jar;C:\Users\adm\.m2\repository\org\glassfish\jaxb\jaxb-core\4.0.4\jaxb-core-4.0.4.jar;C:\Users\adm\.m2\repository\org\eclipse\angus\angus-activation\2.0.1\angus-activation-2.0.1.jar;C:\Users\adm\.m2\repository\org\glassfish\jaxb\txw2\4.0.4\txw2-4.0.4.jar;C:\Users\adm\.m2\repository\com\sun\istack\istack-commons-runtime\4.1.2\istac
Launcher Type: SUN_STANDARD

[Global flags]
     intx CICompilerCount                          = 4                                         {product} {ergonomic}
     uint ConcGCThreads                            = 2                                         {product} {ergonomic}
     uint G1ConcRefinementThreads                  = 8                                         {product} {ergonomic}
   size_t G1HeapRegionSize                         = 1048576                                   {product} {ergonomic}
    uintx GCDrainStackTargetSize                   = 64                                        {product} {ergonomic}
   size_t InitialHeapSize                          = 127926272                                 {product} {ergonomic}
   size_t MarkStackSize                            = 4194304                                   {product} {ergonomic}
   size_t MaxHeapSize                              = 2030043136                                {product} {ergonomic}
   size_t MaxNewSize                               = 1217396736                                {product} {ergonomic}
   size_t MinHeapDeltaBytes                        = 1048576                                   {product} {ergonomic}
   size_t MinHeapSize                              = 8388608                                   {product} {ergonomic}
    uintx NonNMethodCodeHeapSize                   = 5839372                                {pd product} {ergonomic}
    uintx NonProfiledCodeHeapSize                  = 122909434                              {pd product} {ergonomic}
    uintx ProfiledCodeHeapSize                     = 122909434                              {pd product} {ergonomic}
    uintx ReservedCodeCacheSize                    = 251658240                              {pd product} {ergonomic}
     bool SegmentedCodeCache                       = true                                      {product} {ergonomic}
   size_t SoftMaxHeapSize                          = 2030043136                             {manageable} {ergonomic}
     bool UseCompressedClassPointers               = true                           {product lp64_product} {ergonomic}
     bool UseCompressedOops                        = true                           {product lp64_product} {ergonomic}
     bool UseG1GC                                  = true                                      {product} {ergonomic}
     bool UseLargePagesIndividualAllocation        = false                                  {pd product} {ergonomic}

Logging:
Log output configuration:
 #0: stdout all=warning uptime,level,tags
 #1: stderr all=off uptime,level,tags

Environment Variables:
JAVA_HOME=C:\Program Files\Java\jdk-11
PATH=C:\Program Files\Common Files\Oracle\Java\javapath;C:\Python311\Scripts\;C:\Python311\;C:\WINDOWS\system32;C:\WINDOWS;C:\WINDOWS\System32\Wbem;C:\WINDOWS\System32\WindowsPowerShell\v1.0\;C:\WINDOWS\System32\OpenSSH\;C:\Program Files\Git\cmd;C:\Program Files\nodejs\;C:\ProgramData\chocolatey\bin;C:\Program Files\Java\jdk-11\bin;;C:\Program Files\Docker\Docker\resources\bin;C:\Users\adm\AppData\Local\Programs\Python\Python310\Scripts\;C:\Users\adm\AppData\Local\Programs\Python\Python310\;C:\Users\adm\AppData\Local\Microsoft\WindowsApps;;C:\Users\adm\AppData\Local\Programs\Microsoft VS Code\bin;C:\Users\adm\AppData\Roaming\npm;C:\Program Files\JetBrains\IntelliJ IDEA Educational Edition 2022.2.2\bin;;C:\Program Files\JetBrains\IntelliJ IDEA Community Edition 2023.2\bin;
USERNAME=adm
OS=Windows_NT
PROCESSOR_IDENTIFIER=Intel64 Family 6 Model 140 Stepping 1, GenuineIntel
TMP=C:\Users\adm\AppData\Local\Temp
TEMP=C:\Users\adm\AppData\Local\Temp



Periodic native trim disabled


---------------  S Y S T E M  ---------------

OS:
 Windows 11 , 64 bit Build 22621 (10.0.22621.2506)
OS uptime: 21 days 10:04 hours
Hyper-V role detected

CPU: total 8 (initial active 8) (4 cores per cpu, 2 threads per core) family 6 model 140 stepping 1 microcode 0x86, cx8, cmov, fxsr, ht, mmx, 3dnowpref, sse, sse2, sse3, ssse3, sse4.1, sse4.2, popcnt, lzcnt, tsc, tscinvbit, avx, avx2, aes, erms, clmul, bmi1, bmi2, adx, avx512f, avx512dq, avx512cd, avx512bw, avx512vl, sha, fma, vzeroupper, avx512_vpopcntdq, avx512_vpclmulqdq, avx512_vaes, avx512_vnni, clflush, clflushopt, clwb, avx512_vbmi2, avx512_vbmi, hv
Processor Information for all 8 processors :
  Max Mhz: 2419, Current Mhz: 2419, Mhz Limit: 2419

Memory: 4k page, system-wide physical 7739M (484M free)
TotalPageFile size 31291M (AvailPageFile size 7M)
current process WorkingSet (physical memory assigned to process): 34M, peak: 282M
current process commit charge ("private bytes"): 258M, peak: 322M

vm_info: OpenJDK 64-Bit Server VM (17.0.9+8-LTS) for windows-amd64 JRE (17.0.9+8-LTS), built on Oct 12 2023 16:15:33 by "Administrator" with MS VC++ 16.10 / 16.11 (VS2019)

END.
